Copyright 1986-2014 Xilinx, Inc. All Rights Reserved.
---------------------------------------------------------------------------------------------------
| Tool Version : Vivado v.2014.4.1 (win64) Build 1149489 Thu Feb 19 16:23:09 MST 2015
| Date         : Tue Mar 17 14:37:59 2015
| Host         : XCOJLAWLEY32 running 64-bit Service Pack 1  (build 7601)
| Command      : report_clock_utilization -file xilinx_pcie_2_1_ep_7x_clock_utilization_placed.rpt
| Design       : xilinx_pcie_2_1_ep_7x
| Device       : xc7k325t
---------------------------------------------------------------------------------------------------

Clock Utilization Report

Table of Contents
-----------------
1. Clock Primitive Utilization
2. Details of Global Clocks
3. Details of Regional Clocks
4. Details of Multi-Regional Clocks
5. Details of I/O Clocks
6. Details of Local Clocks
7. Clock Regions : Key Resource Utilization
8. Net wise resources used in clock region X1Y1
9. Net wise resources used in clock region X1Y2
10. Net wise resources used in clock region X0Y3
11. Net wise resources used in clock region X1Y3
12. Net wise resources used in clock region X1Y4

1. Clock Primitive Utilization
------------------------------

+-------+------+-----------+-----------+
| Type  | Used | Available | Num Fixed |
+-------+------+-----------+-----------+
| BUFG  |    6 |        32 |         0 |
| BUFH  |    0 |       168 |         0 |
| BUFIO |    0 |        40 |         0 |
| MMCM  |    1 |        10 |         0 |
| PLL   |    0 |        10 |         0 |
| BUFR  |    0 |        40 |         0 |
| BUFMR |    0 |        20 |         0 |
+-------+------+-----------+-----------+


2. Details of Global Clocks
---------------------------

+-------+-----------------------------------------------------------------------------------------------------------+-----------------------------------------------------------------------------------------------+--------------+-------+---------------+-----------+
|       |                                                                                                           |                                                                                               |   Num Loads  |       |               |           |
+-------+-----------------------------------------------------------------------------------------------------------+-----------------------------------------------------------------------------------------------+------+-------+-------+---------------+-----------+
| Index | BUFG Cell                                                                                                 | Net Name                                                                                      | BELs | Sites | Fixed | MaxDelay (ns) | Skew (ns) |
+-------+-----------------------------------------------------------------------------------------------------------+-----------------------------------------------------------------------------------------------+------+-------+-------+---------------+-----------+
|     1 | pcie_7x_0_i/inst/inst/gt_top.gt_top_i/pipe_wrapper_i/pipe_clock_int.pipe_clock_i/txoutclk_i.txoutclk_i    | pcie_7x_0_i/inst/inst/gt_top.gt_top_i/pipe_wrapper_i/pipe_clock_int.pipe_clock_i/refclk       |    1 |     1 |    no |         1.350 |     0.068 |
|     2 | pcie_7x_0_i/inst/inst/gt_top.gt_top_i/pipe_wrapper_i/pipe_clock_int.pipe_clock_i/userclk1_i1.usrclk1_i1   | pcie_7x_0_i/inst/inst/gt_top.gt_top_i/pipe_wrapper_i/pipe_clock_int.pipe_clock_i/CLK_USERCLK1 |    5 |     9 |    no |         1.325 |     0.095 |
|     3 | pcie_7x_0_i/inst/inst/gt_top.gt_top_i/pipe_wrapper_i/cpllpd_refclk_inst                                   | pcie_7x_0_i/inst/inst/gt_top.gt_top_i/pipe_wrapper_i/gt_cpllpdrefclk                          |   72 |    16 |    no |         1.385 |     0.112 |
|     4 | pcie_7x_0_i/inst/inst/gt_top.gt_top_i/pipe_wrapper_i/pipe_clock_int.pipe_clock_i/dclk_i_bufg.dclk_i       | pcie_7x_0_i/inst/inst/gt_top.gt_top_i/pipe_wrapper_i/pipe_clock_int.pipe_clock_i/CLK_DCLK     |  786 |   265 |    no |         1.614 |     0.362 |
|     5 | pcie_7x_0_i/inst/inst/gt_top.gt_top_i/pipe_wrapper_i/pipe_clock_int.pipe_clock_i/userclk2_i1.usrclk2_i1   | pcie_7x_0_i/inst/inst/gt_top.gt_top_i/pipe_wrapper_i/pipe_clock_int.pipe_clock_i/CLK_USERCLK2 | 1733 |   695 |    no |         1.760 |     0.555 |
|     6 | pcie_7x_0_i/inst/inst/gt_top.gt_top_i/pipe_wrapper_i/pipe_clock_int.pipe_clock_i/pclk_i1_bufgctrl.pclk_i1 | pcie_7x_0_i/inst/inst/gt_top.gt_top_i/pipe_wrapper_i/pipe_clock_int.pipe_clock_i/CLK_PCLK     | 2547 |   920 |    no |         1.614 |     0.393 |
+-------+-----------------------------------------------------------------------------------------------------------+-----------------------------------------------------------------------------------------------+------+-------+-------+---------------+-----------+


+-------+-----------------------------------------------------------------------------------------+---------------------------------------------------------------------------------------------+--------------+-------+---------------+-----------+
|       |                                                                                         |                                                                                             |   Num Loads  |       |               |           |
+-------+-----------------------------------------------------------------------------------------+---------------------------------------------------------------------------------------------+------+-------+-------+---------------+-----------+
| Index | MMCM Cell                                                                               | Net Name                                                                                    | BELs | Sites | Fixed | MaxDelay (ns) | Skew (ns) |
+-------+-----------------------------------------------------------------------------------------+---------------------------------------------------------------------------------------------+------+-------+-------+---------------+-----------+
|     1 | pcie_7x_0_i/inst/inst/gt_top.gt_top_i/pipe_wrapper_i/pipe_clock_int.pipe_clock_i/mmcm_i | pcie_7x_0_i/inst/inst/gt_top.gt_top_i/pipe_wrapper_i/pipe_clock_int.pipe_clock_i/clk_250mhz |    1 |     1 |    no |         1.465 |     0.073 |
|     2 | pcie_7x_0_i/inst/inst/gt_top.gt_top_i/pipe_wrapper_i/pipe_clock_int.pipe_clock_i/mmcm_i | pcie_7x_0_i/inst/inst/gt_top.gt_top_i/pipe_wrapper_i/pipe_clock_int.pipe_clock_i/mmcm_fb    |    1 |     1 |    no |         0.012 |     0.001 |
|     3 | pcie_7x_0_i/inst/inst/gt_top.gt_top_i/pipe_wrapper_i/pipe_clock_int.pipe_clock_i/mmcm_i | pcie_7x_0_i/inst/inst/gt_top.gt_top_i/pipe_wrapper_i/pipe_clock_int.pipe_clock_i/userclk1   |    1 |     1 |    no |         1.465 |     0.073 |
|     4 | pcie_7x_0_i/inst/inst/gt_top.gt_top_i/pipe_wrapper_i/pipe_clock_int.pipe_clock_i/mmcm_i | pcie_7x_0_i/inst/inst/gt_top.gt_top_i/pipe_wrapper_i/pipe_clock_int.pipe_clock_i/userclk2   |    1 |     1 |    no |         1.465 |     0.073 |
|     5 | pcie_7x_0_i/inst/inst/gt_top.gt_top_i/pipe_wrapper_i/pipe_clock_int.pipe_clock_i/mmcm_i | pcie_7x_0_i/inst/inst/gt_top.gt_top_i/pipe_wrapper_i/pipe_clock_int.pipe_clock_i/clk_125mhz |    2 |     2 |    no |         1.465 |     0.073 |
+-------+-----------------------------------------------------------------------------------------+---------------------------------------------------------------------------------------------+------+-------+-------+---------------+-----------+


3. Details of Regional Clocks
-----------------------------

4. Details of Multi-Regional Clocks
-----------------------------------

5. Details of I/O Clocks
------------------------

6. Details of Local Clocks
--------------------------

7. Clock Regions : Key Resource Utilization
-------------------------------------------

+-------------------+--------------+--------------+--------------+--------------+--------------+--------------+--------------+--------------+--------------+--------------+--------------+--------------+--------------+--------------+--------------+
|                   | Global Clock |     BUFRs    |    BUFMRs    |    BUFIOs    |     MMCM     |      PLL     |      GT      |      PCI     |    ILOGIC    |    OLOGIC    |      FF      |     LUTM     |    RAMB18    |    RAMB36    |    DSP48E1   |
+-------------------+------+-------+------+-------+------+-------+------+-------+------+-------+------+-------+------+-------+------+-------+------+-------+------+-------+------+-------+------+-------+------+-------+------+-------+------+-------+
| Clock Region Name | Used | Avail | Used | Avail | Used | Avail | Used | Avail | Used | Avail | Used | Avail | Used | Avail | Used | Avail | Used | Avail | Used | Avail | Used | Avail | Used | Avail | Used | Avail | Used | Avail | Used | Avail |
+-------------------+------+-------+------+-------+------+-------+------+-------+------+-------+------+-------+------+-------+------+-------+------+-------+------+-------+------+-------+------+-------+------+-------+------+-------+------+-------+
| X0Y0              |    0 |    12 |    0 |     4 |    0 |     2 |    0 |     4 |    0 |     1 |    0 |     1 |    0 |     0 |    0 |     0 |    0 |    50 |    0 |    50 |    0 | 32000 |    0 |  4600 |    0 |    60 |    0 |    30 |    0 |    60 |
| X1Y0              |    0 |    12 |    0 |     4 |    0 |     2 |    0 |     4 |    0 |     1 |    0 |     1 |    0 |     0 |    0 |     0 |    0 |    50 |    0 |    50 |    0 | 29600 |    0 |  4800 |    0 |    80 |    0 |    40 |    0 |    60 |
| X0Y1              |    0 |    12 |    0 |     4 |    0 |     2 |    0 |     4 |    0 |     1 |    0 |     1 |    0 |     0 |    0 |     0 |    0 |    50 |    0 |    50 |    0 | 32000 |    0 |  4600 |    0 |    60 |    0 |    30 |    0 |    60 |
| X1Y1              |    1 |    12 |    0 |     4 |    0 |     2 |    0 |     4 |    0 |     1 |    0 |     1 |    0 |     0 |    0 |     0 |    0 |    50 |    0 |    50 |   26 | 29600 |    0 |  4800 |    0 |    80 |    0 |    40 |    0 |    60 |
| X0Y2              |    0 |    12 |    0 |     4 |    0 |     2 |    0 |     4 |    0 |     1 |    0 |     1 |    0 |     0 |    0 |     0 |    0 |    50 |    0 |    50 |    0 | 27200 |    0 |  4600 |    0 |    60 |    0 |    30 |    0 |    60 |
| X1Y2              |    3 |    12 |    0 |     4 |    0 |     2 |    0 |     4 |    0 |     1 |    0 |     1 |    0 |     0 |    0 |     0 |    0 |    50 |    0 |    50 |  111 | 29600 |    0 |  4800 |    0 |    80 |    0 |    40 |    0 |    60 |
| X0Y3              |    1 |    12 |    0 |     4 |    0 |     2 |    0 |     4 |    1 |     1 |    0 |     1 |    0 |     0 |    0 |     0 |    0 |    50 |    0 |    50 |    0 | 27200 |    0 |  4600 |    0 |    60 |    0 |    30 |    0 |    60 |
| X1Y3              |    5 |    12 |    0 |     0 |    0 |     0 |    0 |     0 |    0 |     0 |    0 |     0 |    5 |     5 |    1 |     1 |    0 |     0 |    0 |     0 | 3596 | 25200 |   28 |  4200 |    0 |    50 |    4 |    25 |    1 |    60 |
| X0Y4              |    0 |    12 |    0 |     4 |    0 |     2 |    0 |     4 |    0 |     1 |    0 |     1 |    0 |     0 |    0 |     0 |    0 |    50 |    0 |    50 |    0 | 32000 |    0 |  4600 |    0 |    60 |    0 |    30 |    0 |    60 |
| X1Y4              |    3 |    12 |    0 |     0 |    0 |     0 |    0 |     0 |    0 |     0 |    0 |     0 |    5 |     5 |    0 |     0 |    0 |     0 |    0 |     0 | 1328 | 26400 |   28 |  4400 |    0 |    60 |    0 |    30 |    0 |    60 |
| X0Y5              |    0 |    12 |    0 |     4 |    0 |     2 |    0 |     4 |    0 |     1 |    0 |     1 |    0 |     0 |    0 |     0 |    0 |    50 |    0 |    50 |    0 | 32000 |    0 |  4600 |    0 |    60 |    0 |    30 |    0 |    60 |
| X1Y5              |    0 |    12 |    0 |     0 |    0 |     0 |    0 |     0 |    0 |     0 |    0 |     0 |    0 |     5 |    0 |     0 |    0 |     0 |    0 |     0 |    0 | 26400 |    0 |  4400 |    0 |    60 |    0 |    30 |    0 |    60 |
| X0Y6              |    0 |    12 |    0 |     4 |    0 |     2 |    0 |     4 |    0 |     1 |    0 |     1 |    0 |     0 |    0 |     0 |    0 |    50 |    0 |    50 |    0 | 32000 |    0 |  4600 |    0 |    60 |    0 |    30 |    0 |    60 |
| X1Y6              |    0 |    12 |    0 |     0 |    0 |     0 |    0 |     0 |    0 |     0 |    0 |     0 |    0 |     5 |    0 |     0 |    0 |     0 |    0 |     0 |    0 | 26400 |    0 |  4400 |    0 |    60 |    0 |    30 |    0 |    60 |
+-------------------+------+-------+------+-------+------+-------+------+-------+------+-------+------+-------+------+-------+------+-------+------+-------+------+-------+------+-------+------+-------+------+-------+------+-------+------+-------+
* RAMB36 site can be used as two RAMB18/FIFO18 sites


8. Net wise resources used in clock region X1Y1
-----------------------------------------------

+-------------+-------------+-------+-----------+----------+---------+-----------+---------+---------+-----+-------+----------+-----------------------------------------------------------------------------------------------+
| Source Type | BUFHCE Site | Fixed | MMCM Pins | PLL Pins | GT Pins | BRAM Pins | ILOGICs | OLOGICs | FFs | LUTMs | DSP48E1s |                                         Clock Net Name                                        |
+-------------+-------------+-------+-----------+----------+---------+-----------+---------+---------+-----+-------+----------+-----------------------------------------------------------------------------------------------+
| BUFG        |     ---     |   no  |         0 |        0 |       0 |         0 |       0 |       0 |  26 |     0 |        0 | pcie_7x_0_i/inst/inst/gt_top.gt_top_i/pipe_wrapper_i/pipe_clock_int.pipe_clock_i/CLK_USERCLK2 |
+-------------+-------------+-------+-----------+----------+---------+-----------+---------+---------+-----+-------+----------+-----------------------------------------------------------------------------------------------+


9. Net wise resources used in clock region X1Y2
-----------------------------------------------

+-------------+-------------+-------+-----------+----------+---------+-----------+---------+---------+-----+-------+----------+-----------------------------------------------------------------------------------------------+
| Source Type | BUFHCE Site | Fixed | MMCM Pins | PLL Pins | GT Pins | BRAM Pins | ILOGICs | OLOGICs | FFs | LUTMs | DSP48E1s |                                         Clock Net Name                                        |
+-------------+-------------+-------+-----------+----------+---------+-----------+---------+---------+-----+-------+----------+-----------------------------------------------------------------------------------------------+
| BUFGCTRL    |     ---     |   no  |         0 |        0 |       0 |         0 |       0 |       0 |  19 |     0 |        0 | pcie_7x_0_i/inst/inst/gt_top.gt_top_i/pipe_wrapper_i/pipe_clock_int.pipe_clock_i/CLK_PCLK     |
| BUFG        |     ---     |   no  |         0 |        0 |       0 |         0 |       0 |       0 |  25 |     0 |        0 | pcie_7x_0_i/inst/inst/gt_top.gt_top_i/pipe_wrapper_i/pipe_clock_int.pipe_clock_i/CLK_USERCLK2 |
| BUFG        |     ---     |   no  |         0 |        0 |       0 |         0 |       0 |       0 |  67 |     0 |        0 | pcie_7x_0_i/inst/inst/gt_top.gt_top_i/pipe_wrapper_i/pipe_clock_int.pipe_clock_i/CLK_DCLK     |
+-------------+-------------+-------+-----------+----------+---------+-----------+---------+---------+-----+-------+----------+-----------------------------------------------------------------------------------------------+


10. Net wise resources used in clock region X0Y3
------------------------------------------------

+-------------+-------------+-------+-----------+----------+---------+-----------+---------+---------+-----+-------+----------+-----------------------------------------------------------------------------------------+
| Source Type | BUFHCE Site | Fixed | MMCM Pins | PLL Pins | GT Pins | BRAM Pins | ILOGICs | OLOGICs | FFs | LUTMs | DSP48E1s |                                      Clock Net Name                                     |
+-------------+-------------+-------+-----------+----------+---------+-----------+---------+---------+-----+-------+----------+-----------------------------------------------------------------------------------------+
| BUFG        |     ---     |   no  |         1 |        0 |       0 |         0 |       0 |       0 |   0 |     0 |        0 | pcie_7x_0_i/inst/inst/gt_top.gt_top_i/pipe_wrapper_i/pipe_clock_int.pipe_clock_i/refclk |
+-------------+-------------+-------+-----------+----------+---------+-----------+---------+---------+-----+-------+----------+-----------------------------------------------------------------------------------------+


11. Net wise resources used in clock region X1Y3
------------------------------------------------

+-------------+-------------+-------+-----------+----------+---------+-----------+---------+---------+------+-------+----------+-----------------------------------------------------------------------------------------------+
| Source Type | BUFHCE Site | Fixed | MMCM Pins | PLL Pins | GT Pins | BRAM Pins | ILOGICs | OLOGICs |  FFs | LUTMs | DSP48E1s |                                         Clock Net Name                                        |
+-------------+-------------+-------+-----------+----------+---------+-----------+---------+---------+------+-------+----------+-----------------------------------------------------------------------------------------------+
| BUFG        |     ---     |   no  |         0 |        0 |       0 |         8 |       0 |       0 |    0 |     0 |        0 | pcie_7x_0_i/inst/inst/gt_top.gt_top_i/pipe_wrapper_i/pipe_clock_int.pipe_clock_i/CLK_USERCLK1 |
| BUFG        |     ---     |   no  |         0 |        0 |       0 |         0 |       0 |       0 |    8 |    28 |        0 | pcie_7x_0_i/inst/inst/gt_top.gt_top_i/pipe_wrapper_i/gt_cpllpdrefclk                          |
| BUFG        |     ---     |   no  |         0 |        0 |       5 |         0 |       0 |       0 |  344 |     0 |        0 | pcie_7x_0_i/inst/inst/gt_top.gt_top_i/pipe_wrapper_i/pipe_clock_int.pipe_clock_i/CLK_DCLK     |
| BUFGCTRL    |     ---     |   no  |         0 |        0 |      16 |         0 |       0 |       0 | 1564 |     0 |        0 | pcie_7x_0_i/inst/inst/gt_top.gt_top_i/pipe_wrapper_i/pipe_clock_int.pipe_clock_i/CLK_PCLK     |
| BUFG        |     ---     |   no  |         0 |        0 |       0 |         0 |       0 |       0 | 1680 |     0 |        1 | pcie_7x_0_i/inst/inst/gt_top.gt_top_i/pipe_wrapper_i/pipe_clock_int.pipe_clock_i/CLK_USERCLK2 |
+-------------+-------------+-------+-----------+----------+---------+-----------+---------+---------+------+-------+----------+-----------------------------------------------------------------------------------------------+


12. Net wise resources used in clock region X1Y4
------------------------------------------------

+-------------+-------------+-------+-----------+----------+---------+-----------+---------+---------+-----+-------+----------+-------------------------------------------------------------------------------------------+
| Source Type | BUFHCE Site | Fixed | MMCM Pins | PLL Pins | GT Pins | BRAM Pins | ILOGICs | OLOGICs | FFs | LUTMs | DSP48E1s |                                       Clock Net Name                                      |
+-------------+-------------+-------+-----------+----------+---------+-----------+---------+---------+-----+-------+----------+-------------------------------------------------------------------------------------------+
| BUFG        |     ---     |   no  |         0 |        0 |       0 |         0 |       0 |       0 |   8 |    28 |        0 | pcie_7x_0_i/inst/inst/gt_top.gt_top_i/pipe_wrapper_i/gt_cpllpdrefclk                      |
| BUFG        |     ---     |   no  |         0 |        0 |       5 |         0 |       0 |       0 | 365 |     0 |        0 | pcie_7x_0_i/inst/inst/gt_top.gt_top_i/pipe_wrapper_i/pipe_clock_int.pipe_clock_i/CLK_DCLK |
| BUFGCTRL    |     ---     |   no  |         0 |        0 |      16 |         0 |       0 |       0 | 955 |     0 |        0 | pcie_7x_0_i/inst/inst/gt_top.gt_top_i/pipe_wrapper_i/pipe_clock_int.pipe_clock_i/CLK_PCLK |
+-------------+-------------+-------+-----------+----------+---------+-----------+---------+---------+-----+-------+----------+-------------------------------------------------------------------------------------------+



# Location of BUFG Primitives 
set_property LOC BUFGCTRL_X0Y4 [get_cells pcie_7x_0_i/inst/inst/gt_top.gt_top_i/pipe_wrapper_i/cpllpd_refclk_inst]
set_property LOC BUFGCTRL_X0Y2 [get_cells pcie_7x_0_i/inst/inst/gt_top.gt_top_i/pipe_wrapper_i/pipe_clock_int.pipe_clock_i/dclk_i_bufg.dclk_i]
set_property LOC BUFGCTRL_X0Y0 [get_cells pcie_7x_0_i/inst/inst/gt_top.gt_top_i/pipe_wrapper_i/pipe_clock_int.pipe_clock_i/pclk_i1_bufgctrl.pclk_i1]
set_property LOC BUFGCTRL_X0Y3 [get_cells pcie_7x_0_i/inst/inst/gt_top.gt_top_i/pipe_wrapper_i/pipe_clock_int.pipe_clock_i/userclk1_i1.usrclk1_i1]
set_property LOC BUFGCTRL_X0Y1 [get_cells pcie_7x_0_i/inst/inst/gt_top.gt_top_i/pipe_wrapper_i/pipe_clock_int.pipe_clock_i/userclk2_i1.usrclk2_i1]
set_property LOC BUFGCTRL_X0Y16 [get_cells pcie_7x_0_i/inst/inst/gt_top.gt_top_i/pipe_wrapper_i/pipe_clock_int.pipe_clock_i/txoutclk_i.txoutclk_i]

# Location of IO Clock Primitives

# Location of MMCM Clock Primitives
set_property LOC MMCME2_ADV_X0Y3 [get_cells pcie_7x_0_i/inst/inst/gt_top.gt_top_i/pipe_wrapper_i/pipe_clock_int.pipe_clock_i/mmcm_i]

# Location of BUFH Clock Primitives

# Location of BUFR Clock Primitives

# Location of BUFMR Clock Primitives

# Location of PLL Clock Primitives

# Location of IO Primitives which is load of clock spine

# Location of clock ports
set_property LOC IPAD_X1Y11 [get_ports sys_clk_n]
set_property LOC IPAD_X1Y10 [get_ports sys_clk_p]

# Clock net "pcie_7x_0_i/inst/inst/gt_top.gt_top_i/pipe_wrapper_i/gt_cpllpdrefclk" driven by instance "pcie_7x_0_i/inst/inst/gt_top.gt_top_i/pipe_wrapper_i/cpllpd_refclk_inst" located at site "BUFGCTRL_X0Y4"
#startgroup
create_pblock CLKAG_pcie_7x_0_i/inst/inst/gt_top.gt_top_i/pipe_wrapper_i/gt_cpllpdrefclk
add_cells_to_pblock [get_pblocks  CLKAG_pcie_7x_0_i/inst/inst/gt_top.gt_top_i/pipe_wrapper_i/gt_cpllpdrefclk] [get_cells  -filter { IS_PRIMITIVE==1 && PRIMITIVE_LEVEL !=INTERNAL } -of_object [get_pins -filter {DIRECTION==IN} -of_objects [get_nets -hierarchical -filter {PARENT=="pcie_7x_0_i/inst/inst/gt_top.gt_top_i/pipe_wrapper_i/gt_cpllpdrefclk"}]]]
resize_pblock [get_pblocks CLKAG_pcie_7x_0_i/inst/inst/gt_top.gt_top_i/pipe_wrapper_i/gt_cpllpdrefclk] -add {CLOCKREGION_X0Y0:CLOCKREGION_X0Y0 CLOCKREGION_X0Y1:CLOCKREGION_X0Y1 CLOCKREGION_X0Y2:CLOCKREGION_X0Y2 CLOCKREGION_X0Y3:CLOCKREGION_X0Y3 CLOCKREGION_X0Y4:CLOCKREGION_X0Y4 CLOCKREGION_X0Y5:CLOCKREGION_X0Y5 CLOCKREGION_X0Y6:CLOCKREGION_X0Y6 CLOCKREGION_X1Y0:CLOCKREGION_X1Y0 CLOCKREGION_X1Y1:CLOCKREGION_X1Y1 CLOCKREGION_X1Y2:CLOCKREGION_X1Y2 CLOCKREGION_X1Y3:CLOCKREGION_X1Y3 CLOCKREGION_X1Y4:CLOCKREGION_X1Y4 CLOCKREGION_X1Y5:CLOCKREGION_X1Y5 CLOCKREGION_X1Y6:CLOCKREGION_X1Y6}
#endgroup

# Clock net "pcie_7x_0_i/inst/inst/gt_top.gt_top_i/pipe_wrapper_i/pipe_clock_int.pipe_clock_i/CLK_DCLK" driven by instance "pcie_7x_0_i/inst/inst/gt_top.gt_top_i/pipe_wrapper_i/pipe_clock_int.pipe_clock_i/dclk_i_bufg.dclk_i" located at site "BUFGCTRL_X0Y2"
#startgroup
create_pblock CLKAG_pcie_7x_0_i/inst/inst/gt_top.gt_top_i/pipe_wrapper_i/pipe_clock_int.pipe_clock_i/CLK_DCLK
add_cells_to_pblock [get_pblocks  CLKAG_pcie_7x_0_i/inst/inst/gt_top.gt_top_i/pipe_wrapper_i/pipe_clock_int.pipe_clock_i/CLK_DCLK] [get_cells  -filter { IS_PRIMITIVE==1 && PRIMITIVE_LEVEL !=INTERNAL } -of_object [get_pins -filter {DIRECTION==IN} -of_objects [get_nets -hierarchical -filter {PARENT=="pcie_7x_0_i/inst/inst/gt_top.gt_top_i/pipe_wrapper_i/pipe_clock_int.pipe_clock_i/CLK_DCLK"}]]]
resize_pblock [get_pblocks CLKAG_pcie_7x_0_i/inst/inst/gt_top.gt_top_i/pipe_wrapper_i/pipe_clock_int.pipe_clock_i/CLK_DCLK] -add {CLOCKREGION_X0Y0:CLOCKREGION_X0Y0 CLOCKREGION_X0Y1:CLOCKREGION_X0Y1 CLOCKREGION_X0Y2:CLOCKREGION_X0Y2 CLOCKREGION_X0Y3:CLOCKREGION_X0Y3 CLOCKREGION_X0Y4:CLOCKREGION_X0Y4 CLOCKREGION_X0Y5:CLOCKREGION_X0Y5 CLOCKREGION_X0Y6:CLOCKREGION_X0Y6 CLOCKREGION_X1Y0:CLOCKREGION_X1Y0 CLOCKREGION_X1Y1:CLOCKREGION_X1Y1 CLOCKREGION_X1Y2:CLOCKREGION_X1Y2 CLOCKREGION_X1Y3:CLOCKREGION_X1Y3 CLOCKREGION_X1Y4:CLOCKREGION_X1Y4 CLOCKREGION_X1Y5:CLOCKREGION_X1Y5 CLOCKREGION_X1Y6:CLOCKREGION_X1Y6}
#endgroup

# Clock net "pcie_7x_0_i/inst/inst/gt_top.gt_top_i/pipe_wrapper_i/pipe_clock_int.pipe_clock_i/CLK_PCLK" driven by instance "pcie_7x_0_i/inst/inst/gt_top.gt_top_i/pipe_wrapper_i/pipe_clock_int.pipe_clock_i/pclk_i1_bufgctrl.pclk_i1" located at site "BUFGCTRL_X0Y0"
#startgroup
create_pblock CLKAG_pcie_7x_0_i/inst/inst/gt_top.gt_top_i/pipe_wrapper_i/pipe_clock_int.pipe_clock_i/CLK_PCLK
add_cells_to_pblock [get_pblocks  CLKAG_pcie_7x_0_i/inst/inst/gt_top.gt_top_i/pipe_wrapper_i/pipe_clock_int.pipe_clock_i/CLK_PCLK] [get_cells  -filter { IS_PRIMITIVE==1 && PRIMITIVE_LEVEL !=INTERNAL } -of_object [get_pins -filter {DIRECTION==IN} -of_objects [get_nets -hierarchical -filter {PARENT=="pcie_7x_0_i/inst/inst/gt_top.gt_top_i/pipe_wrapper_i/pipe_clock_int.pipe_clock_i/CLK_PCLK"}]]]
resize_pblock [get_pblocks CLKAG_pcie_7x_0_i/inst/inst/gt_top.gt_top_i/pipe_wrapper_i/pipe_clock_int.pipe_clock_i/CLK_PCLK] -add {CLOCKREGION_X0Y0:CLOCKREGION_X0Y0 CLOCKREGION_X0Y1:CLOCKREGION_X0Y1 CLOCKREGION_X0Y2:CLOCKREGION_X0Y2 CLOCKREGION_X0Y3:CLOCKREGION_X0Y3 CLOCKREGION_X0Y4:CLOCKREGION_X0Y4 CLOCKREGION_X0Y5:CLOCKREGION_X0Y5 CLOCKREGION_X0Y6:CLOCKREGION_X0Y6 CLOCKREGION_X1Y0:CLOCKREGION_X1Y0 CLOCKREGION_X1Y1:CLOCKREGION_X1Y1 CLOCKREGION_X1Y2:CLOCKREGION_X1Y2 CLOCKREGION_X1Y3:CLOCKREGION_X1Y3 CLOCKREGION_X1Y4:CLOCKREGION_X1Y4 CLOCKREGION_X1Y5:CLOCKREGION_X1Y5 CLOCKREGION_X1Y6:CLOCKREGION_X1Y6}
#endgroup

# Clock net "pcie_7x_0_i/inst/inst/gt_top.gt_top_i/pipe_wrapper_i/pipe_clock_int.pipe_clock_i/CLK_USERCLK1" driven by instance "pcie_7x_0_i/inst/inst/gt_top.gt_top_i/pipe_wrapper_i/pipe_clock_int.pipe_clock_i/userclk1_i1.usrclk1_i1" located at site "BUFGCTRL_X0Y3"
#startgroup
create_pblock CLKAG_pcie_7x_0_i/inst/inst/gt_top.gt_top_i/pipe_wrapper_i/pipe_clock_int.pipe_clock_i/CLK_USERCLK1
add_cells_to_pblock [get_pblocks  CLKAG_pcie_7x_0_i/inst/inst/gt_top.gt_top_i/pipe_wrapper_i/pipe_clock_int.pipe_clock_i/CLK_USERCLK1] [get_cells  -filter { IS_PRIMITIVE==1 && PRIMITIVE_LEVEL !=INTERNAL } -of_object [get_pins -filter {DIRECTION==IN} -of_objects [get_nets -hierarchical -filter {PARENT=="pcie_7x_0_i/inst/inst/gt_top.gt_top_i/pipe_wrapper_i/pipe_clock_int.pipe_clock_i/CLK_USERCLK1"}]]]
resize_pblock [get_pblocks CLKAG_pcie_7x_0_i/inst/inst/gt_top.gt_top_i/pipe_wrapper_i/pipe_clock_int.pipe_clock_i/CLK_USERCLK1] -add {CLOCKREGION_X0Y0:CLOCKREGION_X0Y0 CLOCKREGION_X0Y1:CLOCKREGION_X0Y1 CLOCKREGION_X0Y2:CLOCKREGION_X0Y2 CLOCKREGION_X0Y3:CLOCKREGION_X0Y3 CLOCKREGION_X0Y4:CLOCKREGION_X0Y4 CLOCKREGION_X0Y5:CLOCKREGION_X0Y5 CLOCKREGION_X0Y6:CLOCKREGION_X0Y6 CLOCKREGION_X1Y0:CLOCKREGION_X1Y0 CLOCKREGION_X1Y1:CLOCKREGION_X1Y1 CLOCKREGION_X1Y2:CLOCKREGION_X1Y2 CLOCKREGION_X1Y3:CLOCKREGION_X1Y3 CLOCKREGION_X1Y4:CLOCKREGION_X1Y4 CLOCKREGION_X1Y5:CLOCKREGION_X1Y5 CLOCKREGION_X1Y6:CLOCKREGION_X1Y6}
#endgroup

# Clock net "pcie_7x_0_i/inst/inst/gt_top.gt_top_i/pipe_wrapper_i/pipe_clock_int.pipe_clock_i/CLK_USERCLK2" driven by instance "pcie_7x_0_i/inst/inst/gt_top.gt_top_i/pipe_wrapper_i/pipe_clock_int.pipe_clock_i/userclk2_i1.usrclk2_i1" located at site "BUFGCTRL_X0Y1"
#startgroup
create_pblock CLKAG_pcie_7x_0_i/inst/inst/gt_top.gt_top_i/pipe_wrapper_i/pipe_clock_int.pipe_clock_i/CLK_USERCLK2
add_cells_to_pblock [get_pblocks  CLKAG_pcie_7x_0_i/inst/inst/gt_top.gt_top_i/pipe_wrapper_i/pipe_clock_int.pipe_clock_i/CLK_USERCLK2] [get_cells  -filter { IS_PRIMITIVE==1 && PRIMITIVE_LEVEL !=INTERNAL } -of_object [get_pins -filter {DIRECTION==IN} -of_objects [get_nets -hierarchical -filter {PARENT=="pcie_7x_0_i/inst/inst/gt_top.gt_top_i/pipe_wrapper_i/pipe_clock_int.pipe_clock_i/CLK_USERCLK2"}]]]
resize_pblock [get_pblocks CLKAG_pcie_7x_0_i/inst/inst/gt_top.gt_top_i/pipe_wrapper_i/pipe_clock_int.pipe_clock_i/CLK_USERCLK2] -add {CLOCKREGION_X0Y0:CLOCKREGION_X0Y0 CLOCKREGION_X0Y1:CLOCKREGION_X0Y1 CLOCKREGION_X0Y2:CLOCKREGION_X0Y2 CLOCKREGION_X0Y3:CLOCKREGION_X0Y3 CLOCKREGION_X0Y4:CLOCKREGION_X0Y4 CLOCKREGION_X0Y5:CLOCKREGION_X0Y5 CLOCKREGION_X0Y6:CLOCKREGION_X0Y6 CLOCKREGION_X1Y0:CLOCKREGION_X1Y0 CLOCKREGION_X1Y1:CLOCKREGION_X1Y1 CLOCKREGION_X1Y2:CLOCKREGION_X1Y2 CLOCKREGION_X1Y3:CLOCKREGION_X1Y3 CLOCKREGION_X1Y4:CLOCKREGION_X1Y4 CLOCKREGION_X1Y5:CLOCKREGION_X1Y5 CLOCKREGION_X1Y6:CLOCKREGION_X1Y6}
#endgroup
